<?xml version="1.0" encoding="UTF-8"?>
<testsuite name="MyApplicationTest" tests="2" skipped="0" failures="0" errors="0" timestamp="2020-02-10T22:34:23" hostname="BorfDesktop" time="1.343">
  <properties/>
  <testcase name="applicationTitle" classname="MyApplicationTest" time="1.079"/>
  <testcase name="showMethod" classname="MyApplicationTest" time="0.264"/>
  <system-out><![CDATA[]]></system-out>
  <system-err><![CDATA[]]></system-err>
</testsuite>
